===== BNB/USDT walk-forward =====
train_start: 2020-01-01
/Users/zhanggangren/Desktop/pyro/crypto-alpha/src/crypto_alpha/features/technical.py:88: FutureWarning: The default fill_method='pad' in Series.pct_change is deprecated and will be removed in a future version. Either fill in any non-leading NA values prior to calling pct_change or specify 'fill_method=None' to not fill NA values.
  out["open_interest"].pct_change(oi_bars)
/Users/zhanggangren/Desktop/pyro/.venv/lib/python3.14/site-packages/sklearn/linear_model/_linear_loss.py:356: RuntimeWarning: divide by zero encountered in matmul
  X_grad = X.T @ grad_pointwise
/Users/zhanggangren/Desktop/pyro/.venv/lib/python3.14/site-packages/sklearn/linear_model/_linear_loss.py:356: RuntimeWarning: overflow encountered in matmul
  X_grad = X.T @ grad_pointwise
/Users/zhanggangren/Desktop/pyro/.venv/lib/python3.14/site-packages/sklearn/linear_model/_linear_loss.py:356: RuntimeWarning: invalid value encountered in matmul
  X_grad = X.T @ grad_pointwise
/Users/zhanggangren/Desktop/pyro/.venv/lib/python3.14/site-packages/sklearn/linear_model/_linear_loss.py:356: RuntimeWarning: divide by zero encountered in matmul
  X_grad = X.T @ grad_pointwise
/Users/zhanggangren/Desktop/pyro/.venv/lib/python3.14/site-packages/sklearn/linear_model/_linear_loss.py:356: RuntimeWarning: overflow encountered in matmul
  X_grad = X.T @ grad_pointwise
/Users/zhanggangren/Desktop/pyro/.venv/lib/python3.14/site-packages/sklearn/linear_model/_linear_loss.py:356: RuntimeWarning: invalid value encountered in matmul
  X_grad = X.T @ grad_pointwise
/Users/zhanggangren/Desktop/pyro/.venv/lib/python3.14/site-packages/sklearn/linear_model/_linear_loss.py:356: RuntimeWarning: divide by zero encountered in matmul
  X_grad = X.T @ grad_pointwise
/Users/zhanggangren/Desktop/pyro/.venv/lib/python3.14/site-packages/sklearn/linear_model/_linear_loss.py:356: RuntimeWarning: overflow encountered in matmul
  X_grad = X.T @ grad_pointwise
/Users/zhanggangren/Desktop/pyro/.venv/lib/python3.14/site-packages/sklearn/linear_model/_linear_loss.py:356: RuntimeWarning: invalid value encountered in matmul
  X_grad = X.T @ grad_pointwise
/Users/zhanggangren/Desktop/pyro/.venv/lib/python3.14/site-packages/sklearn/linear_model/_linear_loss.py:356: RuntimeWarning: divide by zero encountered in matmul
  X_grad = X.T @ grad_pointwise
/Users/zhanggangren/Desktop/pyro/.venv/lib/python3.14/site-packages/sklearn/linear_model/_linear_loss.py:356: RuntimeWarning: overflow encountered in matmul
  X_grad = X.T @ grad_pointwise
/Users/zhanggangren/Desktop/pyro/.venv/lib/python3.14/site-packages/sklearn/linear_model/_linear_loss.py:356: RuntimeWarning: invalid value encountered in matmul
  X_grad = X.T @ grad_pointwise
/Users/zhanggangren/Desktop/pyro/.venv/lib/python3.14/site-packages/sklearn/linear_model/_linear_loss.py:356: RuntimeWarning: divide by zero encountered in matmul
  X_grad = X.T @ grad_pointwise
/Users/zhanggangren/Desktop/pyro/.venv/lib/python3.14/site-packages/sklearn/linear_model/_linear_loss.py:356: RuntimeWarning: overflow encountered in matmul
  X_grad = X.T @ grad_pointwise
/Users/zhanggangren/Desktop/pyro/.venv/lib/python3.14/site-packages/sklearn/linear_model/_linear_loss.py:356: RuntimeWarning: invalid value encountered in matmul
  X_grad = X.T @ grad_pointwise
/Users/zhanggangren/Desktop/pyro/.venv/lib/python3.14/site-packages/sklearn/linear_model/_linear_loss.py:356: RuntimeWarning: divide by zero encountered in matmul
  X_grad = X.T @ grad_pointwise
/Users/zhanggangren/Desktop/pyro/.venv/lib/python3.14/site-packages/sklearn/linear_model/_linear_loss.py:356: RuntimeWarning: overflow encountered in matmul
  X_grad = X.T @ grad_pointwise
/Users/zhanggangren/Desktop/pyro/.venv/lib/python3.14/site-packages/sklearn/linear_model/_linear_loss.py:356: RuntimeWarning: invalid value encountered in matmul
  X_grad = X.T @ grad_pointwise
/Users/zhanggangren/Desktop/pyro/.venv/lib/python3.14/site-packages/sklearn/linear_model/_linear_loss.py:356: RuntimeWarning: divide by zero encountered in matmul
  X_grad = X.T @ grad_pointwise
/Users/zhanggangren/Desktop/pyro/.venv/lib/python3.14/site-packages/sklearn/linear_model/_linear_loss.py:356: RuntimeWarning: overflow encountered in matmul
  X_grad = X.T @ grad_pointwise
/Users/zhanggangren/Desktop/pyro/.venv/lib/python3.14/site-packages/sklearn/linear_model/_linear_loss.py:356: RuntimeWarning: invalid value encountered in matmul
  X_grad = X.T @ grad_pointwise
[ensemble] 剔除弱专家(选型半窗): deep_ts(auc=0.500)

========== 结果 ==========
实际数据起点:     2020-01-01 00:00:00+00:00
训练起点(含):     2020-01-01 00:00:00+00:00
训练截止(不含):   2024-09-14 00:00:00+00:00
训练权重重算:     False
训练/回测事件:    18428 / 5937
实际开仓笔数:     0
胜 / 负:          0 / 0
开仓胜率:         0.00%
累计收益:         0.00%
1万→终值:         10,000.00

========== 开仓门控诊断(测试窗) ==========
有效阈值 thr:          0.55
测试事件 n:            5937
prob≥thr:              0 (0.0)
confident:             0 (0.0)
prob≥thr 且 confident: 0 (0.0)
实际开仓 size>0:       0 (0.0)
过门但 size=0:         0
保形 qhat/margin:      0.5278810408921932 / 0.05
校准后概率: mean=0.4937438525303365 n_unique=18 max=0.5451263537906137
[ok] /Users/zhanggangren/Desktop/pyro/crypto-alpha/artifacts/walkforward_BNB_USDT.json
[ok] /Users/zhanggangren/Desktop/pyro/crypto-alpha/artifacts/walkforward_BNB_USDT_gate_diagnostics.json
