===== BTC/USDT walk-forward =====
train_start: 2020-01-01T00:00:00Z
/Users/zhanggangren/Desktop/pyro/crypto-alpha/src/crypto_alpha/features/technical.py:88: FutureWarning: The default fill_method='pad' in Series.pct_change is deprecated and will be removed in a future version. Either fill in any non-leading NA values prior to calling pct_change or specify 'fill_method=None' to not fill NA values.
  out["open_interest"].pct_change(oi_bars)
/Users/zhanggangren/.matplotlib is not a writable directory
Matplotlib created a temporary cache directory at /var/folders/1d/lwmkl4t52x1149bz331t5k0c0000gn/T/matplotlib-vj9rg68a because there was an issue with the default path (/Users/zhanggangren/.matplotlib); it is highly recommended to set the MPLCONFIGDIR environment variable to a writable directory, in particular to speed up the import of Matplotlib and to better support multiprocessing.
/Users/zhanggangren/Desktop/pyro/.venv/lib/python3.14/site-packages/sklearn/linear_model/_linear_loss.py:219: RuntimeWarning: divide by zero encountered in matmul
  raw_prediction = X @ weights_xp + intercept_xp
/Users/zhanggangren/Desktop/pyro/.venv/lib/python3.14/site-packages/sklearn/linear_model/_linear_loss.py:219: RuntimeWarning: overflow encountered in matmul
  raw_prediction = X @ weights_xp + intercept_xp
/Users/zhanggangren/Desktop/pyro/.venv/lib/python3.14/site-packages/sklearn/linear_model/_linear_loss.py:219: RuntimeWarning: invalid value encountered in matmul
  raw_prediction = X @ weights_xp + intercept_xp
/Users/zhanggangren/Desktop/pyro/.venv/lib/python3.14/site-packages/sklearn/utils/extmath.py:229: RuntimeWarning: divide by zero encountered in matmul
  ret = a @ b
/Users/zhanggangren/Desktop/pyro/.venv/lib/python3.14/site-packages/sklearn/utils/extmath.py:229: RuntimeWarning: overflow encountered in matmul
  ret = a @ b
/Users/zhanggangren/Desktop/pyro/.venv/lib/python3.14/site-packages/sklearn/utils/extmath.py:229: RuntimeWarning: invalid value encountered in matmul
  ret = a @ b
/Users/zhanggangren/Desktop/pyro/.venv/lib/python3.14/site-packages/sklearn/linear_model/_linear_loss.py:219: RuntimeWarning: divide by zero encountered in matmul
  raw_prediction = X @ weights_xp + intercept_xp
/Users/zhanggangren/Desktop/pyro/.venv/lib/python3.14/site-packages/sklearn/linear_model/_linear_loss.py:219: RuntimeWarning: overflow encountered in matmul
  raw_prediction = X @ weights_xp + intercept_xp
/Users/zhanggangren/Desktop/pyro/.venv/lib/python3.14/site-packages/sklearn/linear_model/_linear_loss.py:219: RuntimeWarning: invalid value encountered in matmul
  raw_prediction = X @ weights_xp + intercept_xp
/Users/zhanggangren/Desktop/pyro/.venv/lib/python3.14/site-packages/sklearn/utils/extmath.py:229: RuntimeWarning: divide by zero encountered in matmul
  ret = a @ b
/Users/zhanggangren/Desktop/pyro/.venv/lib/python3.14/site-packages/sklearn/utils/extmath.py:229: RuntimeWarning: overflow encountered in matmul
  ret = a @ b
/Users/zhanggangren/Desktop/pyro/.venv/lib/python3.14/site-packages/sklearn/utils/extmath.py:229: RuntimeWarning: invalid value encountered in matmul
  ret = a @ b
/Users/zhanggangren/Desktop/pyro/.venv/lib/python3.14/site-packages/sklearn/linear_model/_linear_loss.py:219: RuntimeWarning: divide by zero encountered in matmul
  raw_prediction = X @ weights_xp + intercept_xp
/Users/zhanggangren/Desktop/pyro/.venv/lib/python3.14/site-packages/sklearn/linear_model/_linear_loss.py:219: RuntimeWarning: overflow encountered in matmul
  raw_prediction = X @ weights_xp + intercept_xp
/Users/zhanggangren/Desktop/pyro/.venv/lib/python3.14/site-packages/sklearn/linear_model/_linear_loss.py:219: RuntimeWarning: invalid value encountered in matmul
  raw_prediction = X @ weights_xp + intercept_xp
/Users/zhanggangren/Desktop/pyro/.venv/lib/python3.14/site-packages/sklearn/utils/extmath.py:229: RuntimeWarning: divide by zero encountered in matmul
  ret = a @ b
/Users/zhanggangren/Desktop/pyro/.venv/lib/python3.14/site-packages/sklearn/utils/extmath.py:229: RuntimeWarning: overflow encountered in matmul
  ret = a @ b
/Users/zhanggangren/Desktop/pyro/.venv/lib/python3.14/site-packages/sklearn/utils/extmath.py:229: RuntimeWarning: invalid value encountered in matmul
  ret = a @ b
/Users/zhanggangren/Desktop/pyro/.venv/lib/python3.14/site-packages/sklearn/linear_model/_linear_loss.py:219: RuntimeWarning: divide by zero encountered in matmul
  raw_prediction = X @ weights_xp + intercept_xp
/Users/zhanggangren/Desktop/pyro/.venv/lib/python3.14/site-packages/sklearn/linear_model/_linear_loss.py:219: RuntimeWarning: overflow encountered in matmul
  raw_prediction = X @ weights_xp + intercept_xp
/Users/zhanggangren/Desktop/pyro/.venv/lib/python3.14/site-packages/sklearn/linear_model/_linear_loss.py:219: RuntimeWarning: invalid value encountered in matmul
  raw_prediction = X @ weights_xp + intercept_xp
/Users/zhanggangren/Desktop/pyro/.venv/lib/python3.14/site-packages/sklearn/utils/extmath.py:229: RuntimeWarning: divide by zero encountered in matmul
  ret = a @ b
/Users/zhanggangren/Desktop/pyro/.venv/lib/python3.14/site-packages/sklearn/utils/extmath.py:229: RuntimeWarning: overflow encountered in matmul
  ret = a @ b
/Users/zhanggangren/Desktop/pyro/.venv/lib/python3.14/site-packages/sklearn/utils/extmath.py:229: RuntimeWarning: invalid value encountered in matmul
  ret = a @ b
/Users/zhanggangren/Desktop/pyro/.venv/lib/python3.14/site-packages/sklearn/linear_model/_linear_loss.py:219: RuntimeWarning: divide by zero encountered in matmul
  raw_prediction = X @ weights_xp + intercept_xp
/Users/zhanggangren/Desktop/pyro/.venv/lib/python3.14/site-packages/sklearn/linear_model/_linear_loss.py:219: RuntimeWarning: overflow encountered in matmul
  raw_prediction = X @ weights_xp + intercept_xp
/Users/zhanggangren/Desktop/pyro/.venv/lib/python3.14/site-packages/sklearn/linear_model/_linear_loss.py:219: RuntimeWarning: invalid value encountered in matmul
  raw_prediction = X @ weights_xp + intercept_xp
/Users/zhanggangren/Desktop/pyro/.venv/lib/python3.14/site-packages/sklearn/utils/extmath.py:229: RuntimeWarning: divide by zero encountered in matmul
  ret = a @ b
/Users/zhanggangren/Desktop/pyro/.venv/lib/python3.14/site-packages/sklearn/utils/extmath.py:229: RuntimeWarning: overflow encountered in matmul
  ret = a @ b
/Users/zhanggangren/Desktop/pyro/.venv/lib/python3.14/site-packages/sklearn/utils/extmath.py:229: RuntimeWarning: invalid value encountered in matmul
  ret = a @ b
/Users/zhanggangren/Desktop/pyro/.venv/lib/python3.14/site-packages/sklearn/linear_model/_linear_loss.py:219: RuntimeWarning: divide by zero encountered in matmul
  raw_prediction = X @ weights_xp + intercept_xp
/Users/zhanggangren/Desktop/pyro/.venv/lib/python3.14/site-packages/sklearn/linear_model/_linear_loss.py:219: RuntimeWarning: overflow encountered in matmul
  raw_prediction = X @ weights_xp + intercept_xp
/Users/zhanggangren/Desktop/pyro/.venv/lib/python3.14/site-packages/sklearn/linear_model/_linear_loss.py:219: RuntimeWarning: invalid value encountered in matmul
  raw_prediction = X @ weights_xp + intercept_xp
/Users/zhanggangren/Desktop/pyro/.venv/lib/python3.14/site-packages/sklearn/utils/extmath.py:229: RuntimeWarning: divide by zero encountered in matmul
  ret = a @ b
/Users/zhanggangren/Desktop/pyro/.venv/lib/python3.14/site-packages/sklearn/utils/extmath.py:229: RuntimeWarning: overflow encountered in matmul
  ret = a @ b
/Users/zhanggangren/Desktop/pyro/.venv/lib/python3.14/site-packages/sklearn/utils/extmath.py:229: RuntimeWarning: invalid value encountered in matmul
  ret = a @ b
/Users/zhanggangren/Desktop/pyro/.venv/lib/python3.14/site-packages/sklearn/linear_model/_linear_loss.py:219: RuntimeWarning: divide by zero encountered in matmul
  raw_prediction = X @ weights_xp + intercept_xp
/Users/zhanggangren/Desktop/pyro/.venv/lib/python3.14/site-packages/sklearn/linear_model/_linear_loss.py:219: RuntimeWarning: overflow encountered in matmul
  raw_prediction = X @ weights_xp + intercept_xp
/Users/zhanggangren/Desktop/pyro/.venv/lib/python3.14/site-packages/sklearn/linear_model/_linear_loss.py:219: RuntimeWarning: invalid value encountered in matmul
  raw_prediction = X @ weights_xp + intercept_xp
/Users/zhanggangren/Desktop/pyro/.venv/lib/python3.14/site-packages/sklearn/utils/extmath.py:229: RuntimeWarning: divide by zero encountered in matmul
  ret = a @ b
/Users/zhanggangren/Desktop/pyro/.venv/lib/python3.14/site-packages/sklearn/utils/extmath.py:229: RuntimeWarning: overflow encountered in matmul
  ret = a @ b
/Users/zhanggangren/Desktop/pyro/.venv/lib/python3.14/site-packages/sklearn/utils/extmath.py:229: RuntimeWarning: invalid value encountered in matmul
  ret = a @ b
[warn] BTC/USDT: tip 来自备用所 gate (主所 binance); 历史缓存与 tip 可能存在微观价差接缝。

========== 结果 ==========
实际数据起点:     2017-08-17 04:00:00+00:00
训练起点(含):     2020-01-01 00:00:00+00:00
训练截止(不含):   2025-09-14 00:00:00+00:00
训练权重重算:     False
训练/回测事件:    19623 / 2711
实际开仓笔数:     49
胜 / 负:          29 / 20
开仓胜率:         59.18%
累计收益:         0.31%
1万→终值:         10,031.40

========== 开仓门控诊断(测试窗) ==========
有效阈值 thr:          0.5948963317384371
测试事件 n:            2711
prob≥thr:              49 (0.018074511250461084)
confident:             96 (0.03541128734784212)
prob≥thr 且 confident: 49 (0.018074511250461084)
实际开仓 size>0:       49 (0.018074511250461084)
过门但 size=0:         0
保形 qhat/margin:      0.5274261603375527 / 0.05
校准后概率: mean=0.4890627990134209 n_unique=18 max=0.5948963317384371
[ok] /Users/zhanggangren/Desktop/pyro/crypto-alpha/artifacts/btc_walkforward_summary.json
[ok] /Users/zhanggangren/Desktop/pyro/crypto-alpha/artifacts/btc_walkforward_gate_diagnostics.json
[ok] /Users/zhanggangren/Desktop/pyro/crypto-alpha/artifacts/btc_walkforward_trades.csv
