===== BTC/USDT walk-forward =====
/Users/zhanggangren/Desktop/pyro/crypto-alpha/src/crypto_alpha/features/technical.py:88: FutureWarning: The default fill_method='pad' in Series.pct_change is deprecated and will be removed in a future version. Either fill in any non-leading NA values prior to calling pct_change or specify 'fill_method=None' to not fill NA values.
  out["open_interest"].pct_change(oi_bars)
/Users/zhanggangren/.matplotlib is not a writable directory
Matplotlib created a temporary cache directory at /var/folders/1d/lwmkl4t52x1149bz331t5k0c0000gn/T/matplotlib-da7us7a4 because there was an issue with the default path (/Users/zhanggangren/.matplotlib); it is highly recommended to set the MPLCONFIGDIR environment variable to a writable directory, in particular to speed up the import of Matplotlib and to better support multiprocessing.
/Users/zhanggangren/Desktop/pyro/.venv/lib/python3.14/site-packages/sklearn/linear_model/_linear_loss.py:219: RuntimeWarning: divide by zero encountered in matmul
  raw_prediction = X @ weights_xp + intercept_xp
/Users/zhanggangren/Desktop/pyro/.venv/lib/python3.14/site-packages/sklearn/linear_model/_linear_loss.py:219: RuntimeWarning: overflow encountered in matmul
  raw_prediction = X @ weights_xp + intercept_xp
/Users/zhanggangren/Desktop/pyro/.venv/lib/python3.14/site-packages/sklearn/linear_model/_linear_loss.py:219: RuntimeWarning: invalid value encountered in matmul
  raw_prediction = X @ weights_xp + intercept_xp
/Users/zhanggangren/Desktop/pyro/.venv/lib/python3.14/site-packages/sklearn/utils/extmath.py:229: RuntimeWarning: divide by zero encountered in matmul
  ret = a @ b
/Users/zhanggangren/Desktop/pyro/.venv/lib/python3.14/site-packages/sklearn/utils/extmath.py:229: RuntimeWarning: overflow encountered in matmul
  ret = a @ b
/Users/zhanggangren/Desktop/pyro/.venv/lib/python3.14/site-packages/sklearn/utils/extmath.py:229: RuntimeWarning: invalid value encountered in matmul
  ret = a @ b
/Users/zhanggangren/Desktop/pyro/.venv/lib/python3.14/site-packages/sklearn/linear_model/_linear_loss.py:219: RuntimeWarning: divide by zero encountered in matmul
  raw_prediction = X @ weights_xp + intercept_xp
/Users/zhanggangren/Desktop/pyro/.venv/lib/python3.14/site-packages/sklearn/linear_model/_linear_loss.py:219: RuntimeWarning: overflow encountered in matmul
  raw_prediction = X @ weights_xp + intercept_xp
/Users/zhanggangren/Desktop/pyro/.venv/lib/python3.14/site-packages/sklearn/linear_model/_linear_loss.py:219: RuntimeWarning: invalid value encountered in matmul
  raw_prediction = X @ weights_xp + intercept_xp
/Users/zhanggangren/Desktop/pyro/.venv/lib/python3.14/site-packages/sklearn/utils/extmath.py:229: RuntimeWarning: divide by zero encountered in matmul
  ret = a @ b
/Users/zhanggangren/Desktop/pyro/.venv/lib/python3.14/site-packages/sklearn/utils/extmath.py:229: RuntimeWarning: overflow encountered in matmul
  ret = a @ b
/Users/zhanggangren/Desktop/pyro/.venv/lib/python3.14/site-packages/sklearn/utils/extmath.py:229: RuntimeWarning: invalid value encountered in matmul
  ret = a @ b
/Users/zhanggangren/Desktop/pyro/.venv/lib/python3.14/site-packages/sklearn/linear_model/_linear_loss.py:219: RuntimeWarning: divide by zero encountered in matmul
  raw_prediction = X @ weights_xp + intercept_xp
/Users/zhanggangren/Desktop/pyro/.venv/lib/python3.14/site-packages/sklearn/linear_model/_linear_loss.py:219: RuntimeWarning: overflow encountered in matmul
  raw_prediction = X @ weights_xp + intercept_xp
/Users/zhanggangren/Desktop/pyro/.venv/lib/python3.14/site-packages/sklearn/linear_model/_linear_loss.py:219: RuntimeWarning: invalid value encountered in matmul
  raw_prediction = X @ weights_xp + intercept_xp
/Users/zhanggangren/Desktop/pyro/.venv/lib/python3.14/site-packages/sklearn/utils/extmath.py:229: RuntimeWarning: divide by zero encountered in matmul
  ret = a @ b
/Users/zhanggangren/Desktop/pyro/.venv/lib/python3.14/site-packages/sklearn/utils/extmath.py:229: RuntimeWarning: overflow encountered in matmul
  ret = a @ b
/Users/zhanggangren/Desktop/pyro/.venv/lib/python3.14/site-packages/sklearn/utils/extmath.py:229: RuntimeWarning: invalid value encountered in matmul
  ret = a @ b
/Users/zhanggangren/Desktop/pyro/.venv/lib/python3.14/site-packages/sklearn/linear_model/_linear_loss.py:219: RuntimeWarning: divide by zero encountered in matmul
  raw_prediction = X @ weights_xp + intercept_xp
/Users/zhanggangren/Desktop/pyro/.venv/lib/python3.14/site-packages/sklearn/linear_model/_linear_loss.py:219: RuntimeWarning: overflow encountered in matmul
  raw_prediction = X @ weights_xp + intercept_xp
/Users/zhanggangren/Desktop/pyro/.venv/lib/python3.14/site-packages/sklearn/linear_model/_linear_loss.py:219: RuntimeWarning: invalid value encountered in matmul
  raw_prediction = X @ weights_xp + intercept_xp
/Users/zhanggangren/Desktop/pyro/.venv/lib/python3.14/site-packages/sklearn/utils/extmath.py:229: RuntimeWarning: divide by zero encountered in matmul
  ret = a @ b
/Users/zhanggangren/Desktop/pyro/.venv/lib/python3.14/site-packages/sklearn/utils/extmath.py:229: RuntimeWarning: overflow encountered in matmul
  ret = a @ b
/Users/zhanggangren/Desktop/pyro/.venv/lib/python3.14/site-packages/sklearn/utils/extmath.py:229: RuntimeWarning: invalid value encountered in matmul
  ret = a @ b
/Users/zhanggangren/Desktop/pyro/.venv/lib/python3.14/site-packages/sklearn/linear_model/_linear_loss.py:219: RuntimeWarning: divide by zero encountered in matmul
  raw_prediction = X @ weights_xp + intercept_xp
/Users/zhanggangren/Desktop/pyro/.venv/lib/python3.14/site-packages/sklearn/linear_model/_linear_loss.py:219: RuntimeWarning: overflow encountered in matmul
  raw_prediction = X @ weights_xp + intercept_xp
/Users/zhanggangren/Desktop/pyro/.venv/lib/python3.14/site-packages/sklearn/linear_model/_linear_loss.py:219: RuntimeWarning: invalid value encountered in matmul
  raw_prediction = X @ weights_xp + intercept_xp
/Users/zhanggangren/Desktop/pyro/.venv/lib/python3.14/site-packages/sklearn/utils/extmath.py:229: RuntimeWarning: divide by zero encountered in matmul
  ret = a @ b
/Users/zhanggangren/Desktop/pyro/.venv/lib/python3.14/site-packages/sklearn/utils/extmath.py:229: RuntimeWarning: overflow encountered in matmul
  ret = a @ b
/Users/zhanggangren/Desktop/pyro/.venv/lib/python3.14/site-packages/sklearn/utils/extmath.py:229: RuntimeWarning: invalid value encountered in matmul
  ret = a @ b
/Users/zhanggangren/Desktop/pyro/.venv/lib/python3.14/site-packages/sklearn/linear_model/_linear_loss.py:219: RuntimeWarning: divide by zero encountered in matmul
  raw_prediction = X @ weights_xp + intercept_xp
/Users/zhanggangren/Desktop/pyro/.venv/lib/python3.14/site-packages/sklearn/linear_model/_linear_loss.py:219: RuntimeWarning: overflow encountered in matmul
  raw_prediction = X @ weights_xp + intercept_xp
/Users/zhanggangren/Desktop/pyro/.venv/lib/python3.14/site-packages/sklearn/linear_model/_linear_loss.py:219: RuntimeWarning: invalid value encountered in matmul
  raw_prediction = X @ weights_xp + intercept_xp
/Users/zhanggangren/Desktop/pyro/.venv/lib/python3.14/site-packages/sklearn/utils/extmath.py:229: RuntimeWarning: divide by zero encountered in matmul
  ret = a @ b
/Users/zhanggangren/Desktop/pyro/.venv/lib/python3.14/site-packages/sklearn/utils/extmath.py:229: RuntimeWarning: overflow encountered in matmul
  ret = a @ b
/Users/zhanggangren/Desktop/pyro/.venv/lib/python3.14/site-packages/sklearn/utils/extmath.py:229: RuntimeWarning: invalid value encountered in matmul
  ret = a @ b
/Users/zhanggangren/Desktop/pyro/.venv/lib/python3.14/site-packages/sklearn/linear_model/_linear_loss.py:219: RuntimeWarning: divide by zero encountered in matmul
  raw_prediction = X @ weights_xp + intercept_xp
/Users/zhanggangren/Desktop/pyro/.venv/lib/python3.14/site-packages/sklearn/linear_model/_linear_loss.py:219: RuntimeWarning: overflow encountered in matmul
  raw_prediction = X @ weights_xp + intercept_xp
/Users/zhanggangren/Desktop/pyro/.venv/lib/python3.14/site-packages/sklearn/linear_model/_linear_loss.py:219: RuntimeWarning: invalid value encountered in matmul
  raw_prediction = X @ weights_xp + intercept_xp
/Users/zhanggangren/Desktop/pyro/.venv/lib/python3.14/site-packages/sklearn/utils/extmath.py:229: RuntimeWarning: divide by zero encountered in matmul
  ret = a @ b
/Users/zhanggangren/Desktop/pyro/.venv/lib/python3.14/site-packages/sklearn/utils/extmath.py:229: RuntimeWarning: overflow encountered in matmul
  ret = a @ b
/Users/zhanggangren/Desktop/pyro/.venv/lib/python3.14/site-packages/sklearn/utils/extmath.py:229: RuntimeWarning: invalid value encountered in matmul
  ret = a @ b

========== 结果 ==========
实际数据起点:     2017-08-17 04:00:00+00:00
训练/回测事件:    18633 / 10975
实际开仓笔数:     51
胜 / 负:          32 / 19
开仓胜率:         62.75%
累计收益:         1.50%
1万→终值:         10,149.88

========== 开仓门控诊断(测试窗) ==========
有效阈值 thr:          0.6273291925465838
测试事件 n:            10975
prob≥thr:              51 (0.004646924829157175)
confident:             554 (0.05047835990888383)
prob≥thr 且 confident: 51 (0.004646924829157175)
实际开仓 size>0:       51 (0.004646924829157175)
过门但 size=0:         0
保形 qhat/margin:      0.5378132118451024 / 0.05
校准后概率: mean=0.49359050100462487 n_unique=25 max=0.6301369863013698
[ok] /Users/zhanggangren/Desktop/pyro/crypto-alpha/artifacts/btc_walkforward_summary.json
[ok] /Users/zhanggangren/Desktop/pyro/crypto-alpha/artifacts/btc_walkforward_gate_diagnostics.json
[ok] /Users/zhanggangren/Desktop/pyro/crypto-alpha/artifacts/btc_walkforward_trades.csv
