[start] backfill providers=['gdelt'] start=2020-01-01T00:00:00Z end=now rate=25.0s
[hist] GDELT 从 2024-06-01T00:00:00+00:00 扫到 2026-07-22T06:52:23.203658+00:00 (window_days=7, rate=25.0s, 满额自动切分)
[warn] HTTP 429 重试 1/6 sleep=60.0s https://api.gdeltproject.org/api/v2/doc/doc?query=%28bitcoin...
[warn] HTTP 429 重试 2/6 sleep=60.0s https://api.gdeltproject.org/api/v2/doc/doc?query=%28bitcoin...
===== RELAUNCH 2026-07-22T06:55:08Z =====
[info] 已清除 gdelt_cursor 以强制从起点扫描 -> /Users/zhanggangren/Desktop/pyro/crypto-alpha/data/news_raw/backfill_state.json
[start] backfill providers=['gdelt'] start=2020-01-01T00:00:00Z end=now rate=25.0s
[hist] GDELT 从 2020-01-01T00:00:00+00:00 扫到 2026-07-22T06:58:08.940952+00:00 (window_days=7, rate=25.0s, 满额自动切分)
[warn] HTTP 429 重试 1/4 sleep=60.0s https://api.gdeltproject.org/api/v2/doc/doc?query=%28bitcoin...
[warn] HTTP 429 重试 2/4 sleep=60.0s https://api.gdeltproject.org/api/v2/doc/doc?query=%28bitcoin...
===== IDE_BG 2026-07-22T07:01:30Z =====
[info] 已清除 gdelt_cursor 以强制从起点扫描 -> /Users/zhanggangren/Desktop/pyro/crypto-alpha/data/news_raw/backfill_state.json
[start] backfill providers=['gdelt'] start=2020-01-01T00:00:00Z end=now rate=25.0s
[hist] GDELT 从 2020-01-01T00:00:00+00:00 扫到 2026-07-22T07:01:31.157829+00:00 (window_days=7, rate=25.0s, 满额自动切分)
[warn] HTTP 429 重试 1/4 sleep=60.0s https://api.gdeltproject.org/api/v2/doc/doc?query=%28bitcoin...
[warn] HTTP 429 重试 2/4 sleep=60.0s https://api.gdeltproject.org/api/v2/doc/doc?query=%28bitcoin...
[warn] HTTP 429 重试 3/4 sleep=80.0s https://api.gdeltproject.org/api/v2/doc/doc?query=%28bitcoin...
[hist] GDELT 窗满额 250 @ 2020-01-01T00:00:00+00:00~2020-01-08T00:00:00+00:00 → 切分为 2 子窗 (累计切分 1)
[warn] HTTP 429 重试 1/4 sleep=60.0s https://api.gdeltproject.org/api/v2/doc/doc?query=%28bitcoin...
[warn] HTTP 429 重试 2/4 sleep=60.0s https://api.gdeltproject.org/api/v2/doc/doc?query=%28bitcoin...
[warn] HTTP 429 重试 3/4 sleep=80.0s https://api.gdeltproject.org/api/v2/doc/doc?query=%28bitcoin...
[warn] HTTP 429 重试 4/4 sleep=100.0s https://api.gdeltproject.org/api/v2/doc/doc?query=%28bitcoin...
[warn] 抓取失败 HTTP 429 https://api.gdeltproject.org/api/v2/doc/doc?query=%28bitcoin...: Please limit requests to one every 5 seconds or contact kalev.leetaru5@gmail.com for larger queries. All high-traffic users should switch to our ngrams dataset:
[warn] HTTP 429 重试 1/4 sleep=60.0s https://api.gdeltproject.org/api/v2/doc/doc?query=%28bitcoin...
[warn] HTTP 429 重试 2/4 sleep=60.0s https://api.gdeltproject.org/api/v2/doc/doc?query=%28bitcoin...
[hist] GDELT 窗满额 250 @ 2020-01-04T12:00:00+00:00~2020-01-08T00:00:00+00:00 → 切分为 2 子窗 (累计切分 2)
===== RESTART_FIXED 2026-07-22T07:17:48Z =====
[start] backfill providers=['gdelt'] start=2020-01-01T00:00:00Z end=now rate=30.0s
[hist] GDELT 从 2020-01-01T00:00:00+00:00 扫到 2026-07-22T07:17:48.590303+00:00 (window_days=7, rate=30.0s, 满额自动切分)
[warn] HTTP 429 重试 1/2 sleep=60.0s https://api.gdeltproject.org/api/v2/doc/doc?query=%28bitcoin...
[warn] HTTP 429 重试 2/2 sleep=90.0s https://api.gdeltproject.org/api/v2/doc/doc?query=%28bitcoin...
[hist] GDELT 窗满额 250 @ 2020-01-01T00:00:00+00:00~2020-01-08T00:00:00+00:00 → 切分为 2 子窗 (累计切分 1)
[warn] HTTP 429 重试 1/2 sleep=60.0s https://api.gdeltproject.org/api/v2/doc/doc?query=%28bitcoin...
[warn] HTTP 429 重试 2/2 sleep=90.0s https://api.gdeltproject.org/api/v2/doc/doc?query=%28bitcoin...
[warn] 抓取失败 HTTP 429 https://api.gdeltproject.org/api/v2/doc/doc?query=%28bitcoin...: Please limit requests to one every 5 seconds or contact kalev.leetaru5@gmail.com for larger queries. All high-traffic users should switch to our ngrams dataset:
[warn] GDELT 窗失败 2020-01-01T00:00:00+00:00~2020-01-04T12:00:00+00:00 attempt=1/5, 冷却 90s 后重试
[warn] HTTP 429 重试 1/2 sleep=60.0s https://api.gdeltproject.org/api/v2/doc/doc?query=%28bitcoin...
[warn] HTTP 429 重试 2/2 sleep=90.0s https://api.gdeltproject.org/api/v2/doc/doc?query=%28bitcoin...
[hist] GDELT 窗满额 250 @ 2020-01-04T12:00:00+00:00~2020-01-08T00:00:00+00:00 → 切分为 2 子窗 (累计切分 2)
[hist] GDELT 窗满额 250 @ 2020-01-04T12:00:00+00:00~2020-01-06T06:00:00+00:00 → 切分为 2 子窗 (累计切分 3)
[warn] HTTP 429 重试 1/2 sleep=60.0s https://api.gdeltproject.org/api/v2/doc/doc?query=%28bitcoin...
[warn] HTTP 429 重试 2/2 sleep=90.0s https://api.gdeltproject.org/api/v2/doc/doc?query=%28bitcoin...
[warn] 抓取失败 HTTP 429 https://api.gdeltproject.org/api/v2/doc/doc?query=%28bitcoin...: Please limit requests to one every 5 seconds or contact kalev.leetaru5@gmail.com for larger queries. All high-traffic users should switch to our ngrams dataset:
[warn] GDELT 窗失败 2020-01-04T12:00:00+00:00~2020-01-05T09:00:00+00:00 attempt=1/5, 冷却 90s 后重试
[warn] HTTP 429 重试 1/2 sleep=60.0s https://api.gdeltproject.org/api/v2/doc/doc?query=%28bitcoin...
[warn] HTTP 429 重试 2/2 sleep=90.0s https://api.gdeltproject.org/api/v2/doc/doc?query=%28bitcoin...
[warn] 抓取失败 HTTP 429 https://api.gdeltproject.org/api/v2/doc/doc?query=%28bitcoin...: Please limit requests to one every 5 seconds or contact kalev.leetaru5@gmail.com for larger queries. All high-traffic users should switch to our ngrams dataset:
[warn] GDELT 窗失败 2020-01-05T09:00:00+00:00~2020-01-06T06:00:00+00:00 attempt=1/5, 冷却 90s 后重试
[warn] HTTP 429 重试 1/2 sleep=60.0s https://api.gdeltproject.org/api/v2/doc/doc?query=%28bitcoin...
[warn] HTTP 429 重试 2/2 sleep=90.0s https://api.gdeltproject.org/api/v2/doc/doc?query=%28bitcoin...
[hist] GDELT 窗满额 250 @ 2020-01-06T06:00:00+00:00~2020-01-08T00:00:00+00:00 → 切分为 2 子窗 (累计切分 4)
[warn] HTTP 429 重试 1/2 sleep=60.0s https://api.gdeltproject.org/api/v2/doc/doc?query=%28bitcoin...
[warn] HTTP 429 重试 2/2 sleep=90.0s https://api.gdeltproject.org/api/v2/doc/doc?query=%28bitcoin...
[hist] GDELT 窗满额 250 @ 2020-01-06T06:00:00+00:00~2020-01-07T03:00:00+00:00 → 切分为 2 子窗 (累计切分 5)
[warn] HTTP 429 重试 1/2 sleep=60.0s https://api.gdeltproject.org/api/v2/doc/doc?query=%28bitcoin...
[warn] HTTP 429 重试 2/2 sleep=90.0s https://api.gdeltproject.org/api/v2/doc/doc?query=%28bitcoin...
[warn] 抓取失败 HTTP 429 https://api.gdeltproject.org/api/v2/doc/doc?query=%28bitcoin...: Please limit requests to one every 5 seconds or contact kalev.leetaru5@gmail.com for larger queries. All high-traffic users should switch to our ngrams dataset:
[warn] GDELT 窗失败 2020-01-06T06:00:00+00:00~2020-01-06T16:30:00+00:00 attempt=1/5, 冷却 90s 后重试
[hist] GDELT 窗满额 250 @ 2020-01-06T16:30:00+00:00~2020-01-07T03:00:00+00:00 → 切分为 2 子窗 (累计切分 6)
[warn] HTTP 429 重试 1/2 sleep=60.0s https://api.gdeltproject.org/api/v2/doc/doc?query=%28bitcoin...
[warn] HTTP 429 重试 2/2 sleep=90.0s https://api.gdeltproject.org/api/v2/doc/doc?query=%28bitcoin...
===== RESTART_THROTTLED 2026-07-22T07:57:04Z rate=90s window=2d =====
===== RESUME_THROTTLED 2026-07-22T07:58:09Z rate=90s window=2d =====
===== RESUME_WITH_SYS_PROXY 2026-07-22T08:21:46Z =====
[start] backfill providers=['gdelt'] start=2020-01-01T00:00:00Z end=now rate=45.0s
[hist] GDELT 从 2020-01-06T06:00:00+00:00 扫到 2026-07-22T08:21:47.095501+00:00 (window_days=2, rate=45.0s, http_retries=1, cool_429=300s, 满额自动切分)
[warn] HTTP 429 重试 1/1 sleep=120.0s consec_429=1 https://api.gdeltproject.org/api/v2/doc/doc?query=%28bitcoin...
===== RESUME_PROXY_COOL 2026-07-22T08:26:37Z =====
proxies {'http': 'http://127.0.0.1:7890', 'https': 'http://127.0.0.1:7890'}
[warn] 抓取失败 HTTP 429 https://api.gdeltproject.org/api/v2/doc/doc?query=(bitcoin%2...: Please limit requests to one every 5 seconds or contact kalev.leetaru5@gmail.com for larger queries. All high-traffic users should switch to our ngrams dataset:
preflight FAIL n 0
